Using pre-set license
Built from '2020.2/release' branch; Version is '2020.2.1f1 (270dd8c3da1c) revision 2559448'; Using compiler version '192528614'; Build Type 'Release'
OS: 'Windows 10  (10.0.0) 64bit' Language: 'en' Physical Memory: 16303 MB
BatchMode: 1, IsHumanControllingUs: 0, StartBugReporterOnCrash: 0, Is64bit: 1, IsPro: 0

 COMMAND LINE ARGUMENTS:
C:\Program Files\Unity\Hub\Editor\2020.3.19f1\Editor\Unity.exe
-adb2
-batchMode
-noUpm
-name
AssetImportWorker0
-projectPath
C:/Users/tomto/Documents/GitHub/Oculus VR/Oculus-VR
-logFile
Logs/AssetImportWorker0.log
-srvPort
54136
Successfully changed project path to: C:/Users/tomto/Documents/GitHub/Oculus VR/Oculus-VR
C:/Users/tomto/Documents/GitHub/Oculus VR/Oculus-VR
Using Asset Import Pipeline V2.
Refreshing native plugins compatible for Editor in 78.69 ms, found 29 plugins.
Preloading 1 native plugins for Editor in 0.96 ms.
Initialize engine version: 2020.2.1f1 (270dd8c3da1c)
[Subsystems] Discovering subsystems at path C:/Program Files/Unity/Hub/Editor/2020.3.19f1/Editor/Data/Resources/UnitySubsystems
[Subsystems] Discovering subsystems at path C:/Users/tomto/Documents/GitHub/Oculus VR/Oculus-VR/Assets
GfxDevice: creating device client; threaded=0
Direct3D:
    Version:  Direct3D 11.0 [level 11.1]
    Renderer: NVIDIA GeForce RTX 2070 with Max-Q Design (ID=0x1f50)
    Vendor:   
    VRAM:     8031 MB
    Driver:   30.0.14.7212
Initialize mono
Mono path[0] = 'C:/Program Files/Unity/Hub/Editor/2020.3.19f1/Editor/Data/Managed'
Mono path[1] = 'C:/Program Files/Unity/Hub/Editor/2020.3.19f1/Editor/Data/MonoBleedingEdge/lib/mono/unityjit'
Mono config path = 'C:/Program Files/Unity/Hub/Editor/2020.3.19f1/Editor/Data/MonoBleedingEdge/etc'
Using monoOptions --debugger-agent=transport=dt_socket,embedding=1,server=y,suspend=n,address=127.0.0.1:56928
Begin MonoManager ReloadAssembly
Registering precompiled unity dll's ...
Register platform support module: C:/Program Files/Unity/Hub/Editor/2020.3.19f1/Editor/Data/PlaybackEngines/WindowsStandaloneSupport/UnityEditor.WindowsStandalone.Extensions.dll
Registered in 0.001704 seconds.
Native extension for WindowsStandalone target not found
Refreshing native plugins compatible for Editor in 59.51 ms, found 29 plugins.
Preloading 1 native plugins for Editor in 0.09 ms.
Invoked RoslynAnalysisRunner static constructor.
RoslynAnalysisRunner will not be running.
RoslynAnalysisRunner has terminated.
Mono: successfully reloaded assembly
- Completed reload, in  1.159 seconds
Platform modules already initialized, skipping
Registering precompiled user dll's ...
Registered in 0.008113 seconds.
Begin MonoManager ReloadAssembly
Native extension for WindowsStandalone target not found
Refreshing native plugins compatible for Editor in 56.88 ms, found 29 plugins.
Preloading 1 native plugins for Editor in 0.09 ms.
Invoked RoslynAnalysisRunner static constructor.
RoslynAnalysisRunner will not be running.
RoslynAnalysisRunner has terminated.
[XR] OculusXRPlugin: registering subsystems
[XR] Unable to register display lifecyle provider: [1]
[XR] Oculus Input lifecycle provider registered.
[XR] Unable to register input lifecyle provider: [1]
NullReferenceException: Object reference not set to an instance of an object
  at Unity.XR.Oculus.OculusLoader.AssetPathToAbsolutePath (System.String assetPath) [0x00048] in C:\Users\tomto\Documents\GitHub\Oculus VR\Oculus-VR\Library\PackageCache\com.unity.xr.oculus@1.6.1\Runtime\OculusLoader.cs:242 
  at Unity.XR.Oculus.OculusLoader.EditorLoadOVRPlugin () [0x0007b] in C:\Users\tomto\Documents\GitHub\Oculus VR\Oculus-VR\Library\PackageCache\com.unity.xr.oculus@1.6.1\Runtime\OculusLoader.cs:227 

(Filename: Library/PackageCache/com.unity.xr.oculus@1.6.1/Runtime/OculusLoader.cs Line: 242)

Mono: successfully reloaded assembly
- Completed reload, in  1.440 seconds
Platform modules already initialized, skipping
========================================================================
Worker process is ready to serve import requests
Launched and connected shader compiler UnityShaderCompiler.exe after 0.04 seconds
Refreshing native plugins compatible for Editor in 0.87 ms, found 29 plugins.
Preloading 1 native plugins for Editor in 0.09 ms.
Unloading 2238 Unused Serialized files (Serialized files now loaded: 0)
System memory in use before: 116.9 MB.
System memory in use after: 116.8 MB.

Unloading 140 unused Assets to reduce memory usage. Loaded Objects now: 2660.
Total: 2.671300 ms (FindLiveObjects: 0.242900 ms CreateObjectMapping: 0.109500 ms MarkObjects: 2.106100 ms  DeleteObjects: 0.211800 ms)

========================================================================
Received Import Request.
  path: Assets/HDeckContent/Materials/m_Ship.mat
  artifactKey: Guid(f8d15df95b7ef5a4ead9604b3e5b6597) Importer(815301076,1909f56bfc062723c751e8b465ee728b)
Start importing Assets/HDeckContent/Materials/m_Ship.mat using Guid(f8d15df95b7ef5a4ead9604b3e5b6597) Importer(815301076,1909f56bfc062723c751e8b465ee728b)  -> (artifact id: 'f817b920efd2e2b1e3d0dca7e7598aa9') in 0.095684 seconds
  Import took 0.099233 seconds .

========================================================================
Received Import Request.
  Time since last request: 182.492722 seconds.
  path: Assets/F3_Corvette/Meshes/Materials/F3_Grey.mat
  artifactKey: Guid(09dd2f5ce58255745ac293edac05479d) Importer(815301076,1909f56bfc062723c751e8b465ee728b)
Start importing Assets/F3_Corvette/Meshes/Materials/F3_Grey.mat using Guid(09dd2f5ce58255745ac293edac05479d) Importer(815301076,1909f56bfc062723c751e8b465ee728b)  -> (artifact id: '0599454962f254e3d6507aa7495ed0e6') in 0.029617 seconds
  Import took 0.034784 seconds .

========================================================================
Received Import Request.
  Time since last request: 639.221166 seconds.
  path: Assets/HDeckContent/Textures/CameraCargo 1.mat
  artifactKey: Guid(f145f454bf1bad14f883846e53d4e225) Importer(815301076,1909f56bfc062723c751e8b465ee728b)
Start importing Assets/HDeckContent/Textures/CameraCargo 1.mat using Guid(f145f454bf1bad14f883846e53d4e225) Importer(815301076,1909f56bfc062723c751e8b465ee728b)  -> (artifact id: '2f01ce8081b5d9b04777e6dc4d1db5d2') in 0.035942 seconds
  Import took 0.040288 seconds .

========================================================================
Received Import Request.
  Time since last request: 0.000314 seconds.
  path: Assets/HDeckContent/Textures/CameraMain.mat
  artifactKey: Guid(3a17b81704546bb4b9a108c9489fe780) Importer(815301076,1909f56bfc062723c751e8b465ee728b)
Start importing Assets/HDeckContent/Textures/CameraMain.mat using Guid(3a17b81704546bb4b9a108c9489fe780) Importer(815301076,1909f56bfc062723c751e8b465ee728b)  -> (artifact id: '1c9741286c02763e9ade2f142ce4337f') in 0.008761 seconds
  Import took 0.012789 seconds .

========================================================================
Received Import Request.
  Time since last request: 0.000208 seconds.
  path: Assets/HDeckContent/Textures/CameraCargo 1.mat
  artifactKey: Guid(f145f454bf1bad14f883846e53d4e225) Importer(815301076,1909f56bfc062723c751e8b465ee728b)
Start importing Assets/HDeckContent/Textures/CameraCargo 1.mat using Guid(f145f454bf1bad14f883846e53d4e225) Importer(815301076,1909f56bfc062723c751e8b465ee728b)  -> (artifact id: '2f01ce8081b5d9b04777e6dc4d1db5d2') in 0.039603 seconds
  Import took 0.043529 seconds .

========================================================================
Received Import Request.
  Time since last request: 0.000250 seconds.
  path: Assets/HDeckContent/Textures/CameraCargo.mat
  artifactKey: Guid(0cb0728274f71ce429cfd395103f0328) Importer(815301076,1909f56bfc062723c751e8b465ee728b)
Start importing Assets/HDeckContent/Textures/CameraCargo.mat using Guid(0cb0728274f71ce429cfd395103f0328) Importer(815301076,1909f56bfc062723c751e8b465ee728b)  -> (artifact id: '6cd613f97bd329c7de32d5dc9835fcd2') in 0.022513 seconds
  Import took 0.026142 seconds .

========================================================================
Received Import Request.
  Time since last request: 208.555495 seconds.
  path: Assets/Ultimate 10 Plus Shaders/Materials/Unique/Force Field.mat
  artifactKey: Guid(32a76832b79e84347ad9df08b12709c3) Importer(815301076,1909f56bfc062723c751e8b465ee728b)
Start importing Assets/Ultimate 10 Plus Shaders/Materials/Unique/Force Field.mat using Guid(32a76832b79e84347ad9df08b12709c3) Importer(815301076,1909f56bfc062723c751e8b465ee728b)  -> (artifact id: '1287c6b39994d164d9e5931bc9774d72') in 0.014042 seconds
  Import took 0.018068 seconds .

========================================================================
Received Import Request.
  Time since last request: 0.000234 seconds.
  path: Assets/Ultimate 10 Plus Shaders/Materials/Unique/Plasma (1).mat
  artifactKey: Guid(07553007ceddacc47bac6a131f3dc619) Importer(815301076,1909f56bfc062723c751e8b465ee728b)
Start importing Assets/Ultimate 10 Plus Shaders/Materials/Unique/Plasma (1).mat using Guid(07553007ceddacc47bac6a131f3dc619) Importer(815301076,1909f56bfc062723c751e8b465ee728b)  -> (artifact id: '8d19b7ecf4c8dbdb8f53c59f3879f1d8') in 0.042390 seconds
  Import took 0.046157 seconds .

========================================================================
Received Import Request.
  Time since last request: 0.003120 seconds.
  path: Assets/Ultimate 10 Plus Shaders/Materials/Unique/Plasma (1).mat
  artifactKey: Guid(07553007ceddacc47bac6a131f3dc619) Importer(815301076,1909f56bfc062723c751e8b465ee728b)
Start importing Assets/Ultimate 10 Plus Shaders/Materials/Unique/Plasma (1).mat using Guid(07553007ceddacc47bac6a131f3dc619) Importer(815301076,1909f56bfc062723c751e8b465ee728b)  -> (artifact id: '8d19b7ecf4c8dbdb8f53c59f3879f1d8') in 0.022671 seconds
  Import took 0.026088 seconds .

AssetImportWorkerClient::OnTransportError - code=2 error=End of file
